<?xml version="1.0" encoding="UTF-8"?>
<!-- Generated by org.testng.reporters.JUnitXMLReporter -->
<testsuite hostname="A2ML13918" ignored="0" name="Default test" tests="29" failures="0" timestamp="22 May 2017 11:43:06 GMT" time="229.997" errors="0">
  <testcase name="testWordPress" time="1.891" classname="com.wordpress.testEngine.WordPressTest"/>
  <testcase name="testWordPress" time="7.569" classname="com.wordpress.testEngine.WordPressTest"/>
  <testcase name="testWordPress" time="0.596" classname="com.wordpress.testEngine.WordPressTest"/>
  <testcase name="testWordPress" time="42.095" classname="com.wordpress.testEngine.WordPressTest"/>
  <testcase name="testWordPress" time="20.745" classname="com.wordpress.testEngine.WordPressTest"/>
  <testcase name="testWordPress" time="0.472" classname="com.wordpress.testEngine.WordPressTest"/>
  <testcase name="testWordPress" time="5.814" classname="com.wordpress.testEngine.WordPressTest"/>
  <testcase name="testWordPress" time="12.372" classname="com.wordpress.testEngine.WordPressTest"/>
  <testcase name="testWordPress" time="0.888" classname="com.wordpress.testEngine.WordPressTest"/>
  <testcase name="testWordPress" time="12.281" classname="com.wordpress.testEngine.WordPressTest"/>
  <testcase name="testWordPress" time="2.516" classname="com.wordpress.testEngine.WordPressTest"/>
  <testcase name="testWordPress" time="0.377" classname="com.wordpress.testEngine.WordPressTest"/>
  <testcase name="testWordPress" time="1.08" classname="com.wordpress.testEngine.WordPressTest"/>
  <testcase name="testWordPress" time="8.302" classname="com.wordpress.testEngine.WordPressTest"/>
  <testcase name="testWordPress" time="0.575" classname="com.wordpress.testEngine.WordPressTest"/>
  <testcase name="testWordPress" time="1.393" classname="com.wordpress.testEngine.WordPressTest"/>
  <testcase name="testWordPress" time="0.475" classname="com.wordpress.testEngine.WordPressTest"/>
  <testcase name="testWordPress" time="0.468" classname="com.wordpress.testEngine.WordPressTest"/>
  <testcase name="testWordPress" time="8.344" classname="com.wordpress.testEngine.WordPressTest"/>
  <testcase name="testWordPress" time="1.509" classname="com.wordpress.testEngine.WordPressTest"/>
  <testcase name="testWordPress" time="2.485" classname="com.wordpress.testEngine.WordPressTest"/>
  <testcase name="testWordPress" time="0.382" classname="com.wordpress.testEngine.WordPressTest"/>
  <testcase name="testWordPress" time="0.658" classname="com.wordpress.testEngine.WordPressTest"/>
  <testcase name="testWordPress" time="0.001" classname="com.wordpress.testEngine.WordPressTest"/>
  <testcase name="testWordPress" time="54.298" classname="com.wordpress.testEngine.WordPressTest"/>
  <testcase name="testWordPress" time="0.684" classname="com.wordpress.testEngine.WordPressTest"/>
  <testcase name="testWordPress" time="0.307" classname="com.wordpress.testEngine.WordPressTest"/>
  <testcase name="testWordPress" time="0.393" classname="com.wordpress.testEngine.WordPressTest"/>
  <testcase name="testWordPress" time="4.18" classname="com.wordpress.testEngine.WordPressTest"/>
</testsuite> <!-- Default test -->
