<?xml version="1.0" encoding="UTF-8"?>
<!-- Generated by org.testng.reporters.JUnitXMLReporter -->
<testsuite hostname="A4AIGMD19465" name="Test" tests="30" failures="0" timestamp="10 Jan 2017 06:50:10 GMT" time="146.305" errors="0">
  <testcase name="testWordPress" time="6.385" classname="com.wordpress.testEngine.WordPressTest"/>
  <testcase name="testWordPress" time="0.187" classname="com.wordpress.testEngine.WordPressTest"/>
  <testcase name="testWordPress" time="0.601" classname="com.wordpress.testEngine.WordPressTest"/>
  <testcase name="testWordPress" time="18.587" classname="com.wordpress.testEngine.WordPressTest"/>
  <testcase name="testWordPress" time="23.384" classname="com.wordpress.testEngine.WordPressTest"/>
  <testcase name="testWordPress" time="3.114" classname="com.wordpress.testEngine.WordPressTest"/>
  <testcase name="testWordPress" time="2.154" classname="com.wordpress.testEngine.WordPressTest"/>
  <testcase name="testWordPress" time="3.593" classname="com.wordpress.testEngine.WordPressTest"/>
  <testcase name="testWordPress" time="3.161" classname="com.wordpress.testEngine.WordPressTest"/>
  <testcase name="testWordPress" time="0.499" classname="com.wordpress.testEngine.WordPressTest"/>
  <testcase name="testWordPress" time="8.298" classname="com.wordpress.testEngine.WordPressTest"/>
  <testcase name="testWordPress" time="2.406" classname="com.wordpress.testEngine.WordPressTest"/>
  <testcase name="testWordPress" time="0.242" classname="com.wordpress.testEngine.WordPressTest"/>
  <testcase name="testWordPress" time="1.085" classname="com.wordpress.testEngine.WordPressTest"/>
  <testcase name="testWordPress" time="8.305" classname="com.wordpress.testEngine.WordPressTest"/>
  <testcase name="testWordPress" time="2.388" classname="com.wordpress.testEngine.WordPressTest"/>
  <testcase name="testWordPress" time="0.232" classname="com.wordpress.testEngine.WordPressTest"/>
  <testcase name="testWordPress" time="0.251" classname="com.wordpress.testEngine.WordPressTest"/>
  <testcase name="testWordPress" time="1.118" classname="com.wordpress.testEngine.WordPressTest"/>
  <testcase name="testWordPress" time="8.315" classname="com.wordpress.testEngine.WordPressTest"/>
  <testcase name="testWordPress" time="1.376" classname="com.wordpress.testEngine.WordPressTest"/>
  <testcase name="testWordPress" time="2.333" classname="com.wordpress.testEngine.WordPressTest"/>
  <testcase name="testWordPress" time="0.244" classname="com.wordpress.testEngine.WordPressTest"/>
  <testcase name="testWordPress" time="1.023" classname="com.wordpress.testEngine.WordPressTest"/>
  <testcase name="testWordPress" time="0.001" classname="com.wordpress.testEngine.WordPressTest"/>
  <testcase name="testWordPress" time="3.827" classname="com.wordpress.testEngine.WordPressTest"/>
  <testcase name="testWordPress" time="0.498" classname="com.wordpress.testEngine.WordPressTest"/>
  <testcase name="testWordPress" time="0.106" classname="com.wordpress.testEngine.WordPressTest"/>
  <testcase name="testWordPress" time="0.116" classname="com.wordpress.testEngine.WordPressTest"/>
  <testcase name="testWordPress" time="3.619" classname="com.wordpress.testEngine.WordPressTest"/>
</testsuite> <!-- Test -->
